$ gradle build -I init.gradle 
settingsEvaluated
projectLoaded gradle_instance
projectLoaded /Users/ssun/github/gradle-snippets/gradle_instance
beforeProject gradle_instance
This is root
beforeProject foo
This is foo
projectEvaluated gradle_instance
:compileJava UP-TO-DATE
:processResources UP-TO-DATE
:classes UP-TO-DATE
:jar UP-TO-DATE
:assemble UP-TO-DATE
:compileTestJava UP-TO-DATE
:processTestResources UP-TO-DATE
:testClasses UP-TO-DATE
:test UP-TO-DATE
:check UP-TO-DATE
:build UP-TO-DATE

BUILD SUCCESSFUL

Total time: 3.063 secs
buildFinished 
